[ 2018-05-08T21:28:39+08:00 ] ::1 /TP_BLOG/index.php/home/index
INFO: [ app_init ] --START--
INFO: Run Behavior\BuildLiteBehavior [ RunTime:0.000000s ]
INFO: [ app_init ] --END-- [ RunTime:0.016001s ]
INFO: [ app_begin ] --START--
INFO: Run Behavior\ReadHtmlCacheBehavior [ RunTime:0.010001s ]
INFO: [ app_begin ] --END-- [ RunTime:0.010001s ]
SQL: SHOW COLUMNS FROM `blog_cate` [ RunTime:0.0420s ]
SQL: SELECT * FROM `blog_cate` ORDER BY sort desc  [ RunTime:0.0000s ]
SQL: SHOW COLUMNS FROM `blog_link` [ RunTime:0.0510s ]
SQL: SELECT * FROM `blog_link` ORDER BY sort desc  [ RunTime:0.0010s ]
SQL: SHOW COLUMNS FROM `blog_article` [ RunTime:0.0260s ]
SQL: SELECT * FROM `blog_article` ORDER BY time desc LIMIT 4   [ RunTime:0.0010s ]
SQL: SELECT COUNT(*) AS tp_count FROM `blog_article` WHERE `cateid` = '' LIMIT 1   [ RunTime:0.0010s ]
SQL: SELECT * FROM `blog_article` WHERE `cateid` = '' ORDER BY time desc LIMIT 0,5   [ RunTime:0.0000s ]
INFO: [ view_parse ] --START--
INFO: [ template_filter ] --START--
INFO: Run Behavior\ContentReplaceBehavior [ RunTime:0.001000s ]
INFO: [ template_filter ] --END-- [ RunTime:0.001000s ]
NOTIC: [8] Undefined index: link D:\wamp64\www\TP_BLOG\App\Runtime\Cache\Home\00e52909bed743ea261af4b6823297ff.php 第 147 行.
NOTIC: [8] Undefined index: link D:\wamp64\www\TP_BLOG\App\Runtime\Cache\Home\00e52909bed743ea261af4b6823297ff.php 第 147 行.
NOTIC: [8] Undefined index: link D:\wamp64\www\TP_BLOG\App\Runtime\Cache\Home\00e52909bed743ea261af4b6823297ff.php 第 147 行.
NOTIC: [8] Undefined index: link D:\wamp64\www\TP_BLOG\App\Runtime\Cache\Home\00e52909bed743ea261af4b6823297ff.php 第 147 行.
INFO: Run Behavior\ParseTemplateBehavior [ RunTime:0.049003s ]
INFO: [ view_parse ] --END-- [ RunTime:0.050003s ]
INFO: [ view_filter ] --START--
INFO: Run Behavior\WriteHtmlCacheBehavior [ RunTime:0.029002s ]
INFO: [ view_filter ] --END-- [ RunTime:0.029002s ]
INFO: [ app_end ] --START--
INFO: Run Behavior\ShowPageTraceBehavior [ RunTime:0.069004s ]
INFO: [ app_end ] --END-- [ RunTime:0.069004s ]

[ 2018-05-08T21:28:42+08:00 ] ::1 /TP_BLOG/index.php/Home/Cate/index/id/3
INFO: [ app_init ] --START--
INFO: Run Behavior\BuildLiteBehavior [ RunTime:0.000000s ]
INFO: [ app_init ] --END-- [ RunTime:0.001001s ]
INFO: [ app_begin ] --START--
INFO: Run Behavior\ReadHtmlCacheBehavior [ RunTime:0.001000s ]
INFO: [ app_begin ] --END-- [ RunTime:0.001000s ]
SQL: SHOW COLUMNS FROM `blog_cate` [ RunTime:0.0010s ]
SQL: SELECT * FROM `blog_cate` ORDER BY sort desc  [ RunTime:0.0000s ]
SQL: SHOW COLUMNS FROM `blog_link` [ RunTime:0.0020s ]
SQL: SELECT * FROM `blog_link` ORDER BY sort desc  [ RunTime:0.0010s ]
SQL: SHOW COLUMNS FROM `blog_article` [ RunTime:0.0010s ]
SQL: SELECT * FROM `blog_article` ORDER BY time desc LIMIT 4   [ RunTime:0.0000s ]
SQL: SELECT COUNT(*) AS tp_count FROM `blog_article` WHERE `cateid` = '3' LIMIT 1   [ RunTime:0.0010s ]
SQL: SELECT * FROM `blog_article` WHERE `cateid` = '3' ORDER BY time desc LIMIT 0,5   [ RunTime:0.0000s ]
INFO: [ view_parse ] --START--
NOTIC: [2] file_get_contents(./App/Home/View/Public/right.html): failed to open stream: No such file or directory D:\wamp64\www\TP_BLOG\ThinkPHP\Library\Think\Template.class.php 第 696 行.
INFO: [ template_filter ] --START--
INFO: Run Behavior\ContentReplaceBehavior [ RunTime:0.000000s ]
INFO: [ template_filter ] --END-- [ RunTime:0.000000s ]
INFO: Run Behavior\ParseTemplateBehavior [ RunTime:0.015001s ]
INFO: [ view_parse ] --END-- [ RunTime:0.015001s ]
INFO: [ view_filter ] --START--
INFO: Run Behavior\WriteHtmlCacheBehavior [ RunTime:0.000000s ]
INFO: [ view_filter ] --END-- [ RunTime:0.001000s ]
INFO: [ app_end ] --START--
INFO: Run Behavior\ShowPageTraceBehavior [ RunTime:0.000000s ]
INFO: [ app_end ] --END-- [ RunTime:0.001000s ]

[ 2018-05-08T21:28:44+08:00 ] ::1 /TP_BLOG/index.php/Home/Cate/index/id/5
INFO: [ app_init ] --START--
INFO: Run Behavior\BuildLiteBehavior [ RunTime:0.000000s ]
INFO: [ app_init ] --END-- [ RunTime:0.001000s ]
INFO: [ app_begin ] --START--
INFO: Run Behavior\ReadHtmlCacheBehavior [ RunTime:0.002001s ]
INFO: [ app_begin ] --END-- [ RunTime:0.002001s ]
SQL: SHOW COLUMNS FROM `blog_cate` [ RunTime:0.0020s ]
SQL: SELECT * FROM `blog_cate` ORDER BY sort desc  [ RunTime:0.0010s ]
SQL: SHOW COLUMNS FROM `blog_link` [ RunTime:0.0010s ]
SQL: SELECT * FROM `blog_link` ORDER BY sort desc  [ RunTime:0.0000s ]
SQL: SHOW COLUMNS FROM `blog_article` [ RunTime:0.0010s ]
SQL: SELECT * FROM `blog_article` ORDER BY time desc LIMIT 4   [ RunTime:0.0000s ]
SQL: SELECT COUNT(*) AS tp_count FROM `blog_article` WHERE `cateid` = '5' LIMIT 1   [ RunTime:0.0000s ]
SQL: SELECT * FROM `blog_article` WHERE `cateid` = '5' ORDER BY time desc LIMIT 0,5   [ RunTime:0.0000s ]
INFO: [ view_parse ] --START--
NOTIC: [2] file_get_contents(./App/Home/View/Public/right.html): failed to open stream: No such file or directory D:\wamp64\www\TP_BLOG\ThinkPHP\Library\Think\Template.class.php 第 696 行.
INFO: [ template_filter ] --START--
INFO: Run Behavior\ContentReplaceBehavior [ RunTime:0.000000s ]
INFO: [ template_filter ] --END-- [ RunTime:0.000000s ]
INFO: Run Behavior\ParseTemplateBehavior [ RunTime:0.014001s ]
INFO: [ view_parse ] --END-- [ RunTime:0.014001s ]
INFO: [ view_filter ] --START--
INFO: Run Behavior\WriteHtmlCacheBehavior [ RunTime:0.000000s ]
INFO: [ view_filter ] --END-- [ RunTime:0.000000s ]
INFO: [ app_end ] --START--
INFO: Run Behavior\ShowPageTraceBehavior [ RunTime:0.000000s ]
INFO: [ app_end ] --END-- [ RunTime:0.001000s ]

[ 2018-05-08T21:28:45+08:00 ] ::1 /TP_BLOG/index.php/Home/Cate/index/id/3
INFO: [ app_init ] --START--
INFO: Run Behavior\BuildLiteBehavior [ RunTime:0.000000s ]
INFO: [ app_init ] --END-- [ RunTime:0.001000s ]
INFO: [ app_begin ] --START--
INFO: Run Behavior\ReadHtmlCacheBehavior [ RunTime:0.001000s ]
INFO: [ app_begin ] --END-- [ RunTime:0.001000s ]
SQL: SHOW COLUMNS FROM `blog_cate` [ RunTime:0.0010s ]
SQL: SELECT * FROM `blog_cate` ORDER BY sort desc  [ RunTime:0.0010s ]
SQL: SHOW COLUMNS FROM `blog_link` [ RunTime:0.0010s ]
SQL: SELECT * FROM `blog_link` ORDER BY sort desc  [ RunTime:0.0010s ]
SQL: SHOW COLUMNS FROM `blog_article` [ RunTime:0.0010s ]
SQL: SELECT * FROM `blog_article` ORDER BY time desc LIMIT 4   [ RunTime:0.0000s ]
SQL: SELECT COUNT(*) AS tp_count FROM `blog_article` WHERE `cateid` = '3' LIMIT 1   [ RunTime:0.0000s ]
SQL: SELECT * FROM `blog_article` WHERE `cateid` = '3' ORDER BY time desc LIMIT 0,5   [ RunTime:0.0000s ]
INFO: [ view_parse ] --START--
NOTIC: [2] file_get_contents(./App/Home/View/Public/right.html): failed to open stream: No such file or directory D:\wamp64\www\TP_BLOG\ThinkPHP\Library\Think\Template.class.php 第 696 行.
INFO: [ template_filter ] --START--
INFO: Run Behavior\ContentReplaceBehavior [ RunTime:0.000000s ]
INFO: [ template_filter ] --END-- [ RunTime:0.000000s ]
INFO: Run Behavior\ParseTemplateBehavior [ RunTime:0.014000s ]
INFO: [ view_parse ] --END-- [ RunTime:0.015000s ]
INFO: [ view_filter ] --START--
INFO: Run Behavior\WriteHtmlCacheBehavior [ RunTime:0.000000s ]
INFO: [ view_filter ] --END-- [ RunTime:0.000000s ]
INFO: [ app_end ] --START--
INFO: Run Behavior\ShowPageTraceBehavior [ RunTime:0.000000s ]
INFO: [ app_end ] --END-- [ RunTime:0.000000s ]

[ 2018-05-08T21:28:46+08:00 ] ::1 /TP_BLOG/index.php/Home/Cate/index/id/3
INFO: [ app_init ] --START--
INFO: Run Behavior\BuildLiteBehavior [ RunTime:0.000000s ]
INFO: [ app_init ] --END-- [ RunTime:0.000000s ]
INFO: [ app_begin ] --START--
INFO: Run Behavior\ReadHtmlCacheBehavior [ RunTime:0.002000s ]
INFO: [ app_begin ] --END-- [ RunTime:0.002000s ]
SQL: SHOW COLUMNS FROM `blog_cate` [ RunTime:0.0010s ]
SQL: SELECT * FROM `blog_cate` ORDER BY sort desc  [ RunTime:0.0000s ]
SQL: SHOW COLUMNS FROM `blog_link` [ RunTime:0.0010s ]
SQL: SELECT * FROM `blog_link` ORDER BY sort desc  [ RunTime:0.0000s ]
SQL: SHOW COLUMNS FROM `blog_article` [ RunTime:0.0010s ]
SQL: SELECT * FROM `blog_article` ORDER BY time desc LIMIT 4   [ RunTime:0.0010s ]
SQL: SELECT COUNT(*) AS tp_count FROM `blog_article` WHERE `cateid` = '3' LIMIT 1   [ RunTime:0.0010s ]
SQL: SELECT * FROM `blog_article` WHERE `cateid` = '3' ORDER BY time desc LIMIT 0,5   [ RunTime:0.0000s ]
INFO: [ view_parse ] --START--
NOTIC: [2] file_get_contents(./App/Home/View/Public/right.html): failed to open stream: No such file or directory D:\wamp64\www\TP_BLOG\ThinkPHP\Library\Think\Template.class.php 第 696 行.
INFO: [ template_filter ] --START--
INFO: Run Behavior\ContentReplaceBehavior [ RunTime:0.000000s ]
INFO: [ template_filter ] --END-- [ RunTime:0.000000s ]
INFO: Run Behavior\ParseTemplateBehavior [ RunTime:0.014001s ]
INFO: [ view_parse ] --END-- [ RunTime:0.014001s ]
INFO: [ view_filter ] --START--
INFO: Run Behavior\WriteHtmlCacheBehavior [ RunTime:0.000000s ]
INFO: [ view_filter ] --END-- [ RunTime:0.001000s ]
INFO: [ app_end ] --START--
INFO: Run Behavior\ShowPageTraceBehavior [ RunTime:0.000000s ]
INFO: [ app_end ] --END-- [ RunTime:0.001000s ]

[ 2018-05-08T21:28:47+08:00 ] ::1 /TP_BLOG/index.php/Home/Cate/index/id/5
INFO: [ app_init ] --START--
INFO: Run Behavior\BuildLiteBehavior [ RunTime:0.000000s ]
INFO: [ app_init ] --END-- [ RunTime:0.001000s ]
INFO: [ app_begin ] --START--
INFO: Run Behavior\ReadHtmlCacheBehavior [ RunTime:0.000000s ]
INFO: [ app_begin ] --END-- [ RunTime:0.000000s ]
SQL: SHOW COLUMNS FROM `blog_cate` [ RunTime:0.0020s ]
SQL: SELECT * FROM `blog_cate` ORDER BY sort desc  [ RunTime:0.0010s ]
SQL: SHOW COLUMNS FROM `blog_link` [ RunTime:0.0010s ]
SQL: SELECT * FROM `blog_link` ORDER BY sort desc  [ RunTime:0.0010s ]
SQL: SHOW COLUMNS FROM `blog_article` [ RunTime:0.0000s ]
SQL: SELECT * FROM `blog_article` ORDER BY time desc LIMIT 4   [ RunTime:0.0000s ]
SQL: SELECT COUNT(*) AS tp_count FROM `blog_article` WHERE `cateid` = '5' LIMIT 1   [ RunTime:0.0010s ]
SQL: SELECT * FROM `blog_article` WHERE `cateid` = '5' ORDER BY time desc LIMIT 0,5   [ RunTime:0.0000s ]
INFO: [ view_parse ] --START--
NOTIC: [2] file_get_contents(./App/Home/View/Public/right.html): failed to open stream: No such file or directory D:\wamp64\www\TP_BLOG\ThinkPHP\Library\Think\Template.class.php 第 696 行.
INFO: [ template_filter ] --START--
INFO: Run Behavior\ContentReplaceBehavior [ RunTime:0.001000s ]
INFO: [ template_filter ] --END-- [ RunTime:0.001000s ]
INFO: Run Behavior\ParseTemplateBehavior [ RunTime:0.014000s ]
INFO: [ view_parse ] --END-- [ RunTime:0.014000s ]
INFO: [ view_filter ] --START--
INFO: Run Behavior\WriteHtmlCacheBehavior [ RunTime:0.001000s ]
INFO: [ view_filter ] --END-- [ RunTime:0.001000s ]
INFO: [ app_end ] --START--
INFO: Run Behavior\ShowPageTraceBehavior [ RunTime:0.001000s ]
INFO: [ app_end ] --END-- [ RunTime:0.001000s ]

[ 2018-05-08T21:40:20+08:00 ] ::1 /TP_BLOG/index.php/Home/Cate/index/id/3
INFO: [ app_init ] --START--
INFO: Run Behavior\BuildLiteBehavior [ RunTime:0.000000s ]
INFO: [ app_init ] --END-- [ RunTime:0.001000s ]
INFO: [ app_begin ] --START--
INFO: Run Behavior\ReadHtmlCacheBehavior [ RunTime:0.000000s ]
INFO: [ app_begin ] --END-- [ RunTime:0.001000s ]
SQL: SHOW COLUMNS FROM `blog_cate` [ RunTime:0.0010s ]
SQL: SELECT * FROM `blog_cate` ORDER BY sort desc  [ RunTime:0.0000s ]
SQL: SHOW COLUMNS FROM `blog_link` [ RunTime:0.0020s ]
SQL: SELECT * FROM `blog_link` ORDER BY sort desc  [ RunTime:0.0010s ]
SQL: SHOW COLUMNS FROM `blog_article` [ RunTime:0.0020s ]
SQL: SELECT * FROM `blog_article` ORDER BY time desc LIMIT 4   [ RunTime:0.0010s ]
SQL: SELECT COUNT(*) AS tp_count FROM `blog_article` WHERE `cateid` = '3' LIMIT 1   [ RunTime:0.0000s ]
SQL: SELECT * FROM `blog_article` WHERE `cateid` = '3' ORDER BY time desc LIMIT 0,5   [ RunTime:0.0010s ]
INFO: [ view_parse ] --START--
NOTIC: [2] file_get_contents(./App/Home/View/Public/right.html): failed to open stream: No such file or directory D:\wamp64\www\TP_BLOG\ThinkPHP\Library\Think\Template.class.php 第 696 行.
INFO: [ template_filter ] --START--
INFO: Run Behavior\ContentReplaceBehavior [ RunTime:0.001000s ]
INFO: [ template_filter ] --END-- [ RunTime:0.001000s ]
INFO: Run Behavior\ParseTemplateBehavior [ RunTime:0.016001s ]
INFO: [ view_parse ] --END-- [ RunTime:0.016001s ]
INFO: [ view_filter ] --START--
INFO: Run Behavior\WriteHtmlCacheBehavior [ RunTime:0.000000s ]
INFO: [ view_filter ] --END-- [ RunTime:0.000000s ]
INFO: [ app_end ] --START--
INFO: Run Behavior\ShowPageTraceBehavior [ RunTime:0.000000s ]
INFO: [ app_end ] --END-- [ RunTime:0.001000s ]

[ 2018-05-08T21:40:21+08:00 ] ::1 /TP_BLOG/index.php/Home/Cate/index/id/5
INFO: [ app_init ] --START--
INFO: Run Behavior\BuildLiteBehavior [ RunTime:0.000000s ]
INFO: [ app_init ] --END-- [ RunTime:0.001000s ]
INFO: [ app_begin ] --START--
INFO: Run Behavior\ReadHtmlCacheBehavior [ RunTime:0.001000s ]
INFO: [ app_begin ] --END-- [ RunTime:0.001000s ]
SQL: SHOW COLUMNS FROM `blog_cate` [ RunTime:0.0010s ]
SQL: SELECT * FROM `blog_cate` ORDER BY sort desc  [ RunTime:0.0000s ]
SQL: SHOW COLUMNS FROM `blog_link` [ RunTime:0.0020s ]
SQL: SELECT * FROM `blog_link` ORDER BY sort desc  [ RunTime:0.0020s ]
SQL: SHOW COLUMNS FROM `blog_article` [ RunTime:0.0020s ]
SQL: SELECT * FROM `blog_article` ORDER BY time desc LIMIT 4   [ RunTime:0.0010s ]
SQL: SELECT COUNT(*) AS tp_count FROM `blog_article` WHERE `cateid` = '5' LIMIT 1   [ RunTime:0.0000s ]
SQL: SELECT * FROM `blog_article` WHERE `cateid` = '5' ORDER BY time desc LIMIT 0,5   [ RunTime:0.0010s ]
INFO: [ view_parse ] --START--
NOTIC: [2] file_get_contents(./App/Home/View/Public/right.html): failed to open stream: No such file or directory D:\wamp64\www\TP_BLOG\ThinkPHP\Library\Think\Template.class.php 第 696 行.
INFO: [ template_filter ] --START--
INFO: Run Behavior\ContentReplaceBehavior [ RunTime:0.000000s ]
INFO: [ template_filter ] --END-- [ RunTime:0.001000s ]
INFO: Run Behavior\ParseTemplateBehavior [ RunTime:0.025002s ]
INFO: [ view_parse ] --END-- [ RunTime:0.026002s ]
INFO: [ view_filter ] --START--
INFO: Run Behavior\WriteHtmlCacheBehavior [ RunTime:0.000000s ]
INFO: [ view_filter ] --END-- [ RunTime:0.001000s ]
INFO: [ app_end ] --START--
INFO: Run Behavior\ShowPageTraceBehavior [ RunTime:0.001000s ]
INFO: [ app_end ] --END-- [ RunTime:0.002000s ]

[ 2018-05-08T21:40:23+08:00 ] ::1 /TP_BLOG/index.php/Home/Cate/index/id/3
INFO: [ app_init ] --START--
INFO: Run Behavior\BuildLiteBehavior [ RunTime:0.000000s ]
INFO: [ app_init ] --END-- [ RunTime:0.001000s ]
INFO: [ app_begin ] --START--
INFO: Run Behavior\ReadHtmlCacheBehavior [ RunTime:0.000000s ]
INFO: [ app_begin ] --END-- [ RunTime:0.001000s ]
SQL: SHOW COLUMNS FROM `blog_cate` [ RunTime:0.0020s ]
SQL: SELECT * FROM `blog_cate` ORDER BY sort desc  [ RunTime:0.0010s ]
SQL: SHOW COLUMNS FROM `blog_link` [ RunTime:0.0000s ]
SQL: SELECT * FROM `blog_link` ORDER BY sort desc  [ RunTime:0.0000s ]
SQL: SHOW COLUMNS FROM `blog_article` [ RunTime:0.0010s ]
SQL: SELECT * FROM `blog_article` ORDER BY time desc LIMIT 4   [ RunTime:0.0010s ]
SQL: SELECT COUNT(*) AS tp_count FROM `blog_article` WHERE `cateid` = '3' LIMIT 1   [ RunTime:0.0000s ]
SQL: SELECT * FROM `blog_article` WHERE `cateid` = '3' ORDER BY time desc LIMIT 0,5   [ RunTime:0.0000s ]
INFO: [ view_parse ] --START--
NOTIC: [2] file_get_contents(./App/Home/View/Public/right.html): failed to open stream: No such file or directory D:\wamp64\www\TP_BLOG\ThinkPHP\Library\Think\Template.class.php 第 696 行.
INFO: [ template_filter ] --START--
INFO: Run Behavior\ContentReplaceBehavior [ RunTime:0.001000s ]
INFO: [ template_filter ] --END-- [ RunTime:0.001000s ]
INFO: Run Behavior\ParseTemplateBehavior [ RunTime:0.013000s ]
INFO: [ view_parse ] --END-- [ RunTime:0.013000s ]
INFO: [ view_filter ] --START--
INFO: Run Behavior\WriteHtmlCacheBehavior [ RunTime:0.001000s ]
INFO: [ view_filter ] --END-- [ RunTime:0.001000s ]
INFO: [ app_end ] --START--
INFO: Run Behavior\ShowPageTraceBehavior [ RunTime:0.001001s ]
INFO: [ app_end ] --END-- [ RunTime:0.001001s ]

[ 2018-05-08T21:40:26+08:00 ] ::1 /TP_BLOG/index.php/Home/Cate/index/id/5
INFO: [ app_init ] --START--
INFO: Run Behavior\BuildLiteBehavior [ RunTime:0.000000s ]
INFO: [ app_init ] --END-- [ RunTime:0.002000s ]
INFO: [ app_begin ] --START--
INFO: Run Behavior\ReadHtmlCacheBehavior [ RunTime:0.001000s ]
INFO: [ app_begin ] --END-- [ RunTime:0.001000s ]
SQL: SHOW COLUMNS FROM `blog_cate` [ RunTime:0.0040s ]
SQL: SELECT * FROM `blog_cate` ORDER BY sort desc  [ RunTime:0.0020s ]
SQL: SHOW COLUMNS FROM `blog_link` [ RunTime:0.0020s ]
SQL: SELECT * FROM `blog_link` ORDER BY sort desc  [ RunTime:0.0000s ]
SQL: SHOW COLUMNS FROM `blog_article` [ RunTime:0.0010s ]
SQL: SELECT * FROM `blog_article` ORDER BY time desc LIMIT 4   [ RunTime:0.0020s ]
SQL: SELECT COUNT(*) AS tp_count FROM `blog_article` WHERE `cateid` = '5' LIMIT 1   [ RunTime:0.0010s ]
SQL: SELECT * FROM `blog_article` WHERE `cateid` = '5' ORDER BY time desc LIMIT 0,5   [ RunTime:0.0020s ]
INFO: [ view_parse ] --START--
NOTIC: [2] file_get_contents(./App/Home/View/Public/right.html): failed to open stream: No such file or directory D:\wamp64\www\TP_BLOG\ThinkPHP\Library\Think\Template.class.php 第 696 行.
INFO: [ template_filter ] --START--
INFO: Run Behavior\ContentReplaceBehavior [ RunTime:0.001000s ]
INFO: [ template_filter ] --END-- [ RunTime:0.001000s ]
INFO: Run Behavior\ParseTemplateBehavior [ RunTime:0.029002s ]
INFO: [ view_parse ] --END-- [ RunTime:0.030002s ]
INFO: [ view_filter ] --START--
INFO: Run Behavior\WriteHtmlCacheBehavior [ RunTime:0.001000s ]
INFO: [ view_filter ] --END-- [ RunTime:0.001000s ]
INFO: [ app_end ] --START--
INFO: Run Behavior\ShowPageTraceBehavior [ RunTime:0.002000s ]
INFO: [ app_end ] --END-- [ RunTime:0.002000s ]

[ 2018-05-08T21:50:45+08:00 ] ::1 /TP_BLOG/index.php/Home/Cate/index/id/5
INFO: [ app_init ] --START--
INFO: Run Behavior\BuildLiteBehavior [ RunTime:0.000000s ]
INFO: [ app_init ] --END-- [ RunTime:0.001000s ]
INFO: [ app_begin ] --START--
INFO: Run Behavior\ReadHtmlCacheBehavior [ RunTime:0.002000s ]
INFO: [ app_begin ] --END-- [ RunTime:0.002000s ]
SQL: SHOW COLUMNS FROM `blog_cate` [ RunTime:0.0010s ]
SQL: SELECT * FROM `blog_cate` ORDER BY sort desc  [ RunTime:0.0000s ]
SQL: SHOW COLUMNS FROM `blog_link` [ RunTime:0.0010s ]
SQL: SELECT * FROM `blog_link` ORDER BY sort desc  [ RunTime:0.0000s ]
SQL: SHOW COLUMNS FROM `blog_article` [ RunTime:0.0010s ]
SQL: SELECT * FROM `blog_article` ORDER BY time desc LIMIT 4   [ RunTime:0.0010s ]
SQL: SELECT COUNT(*) AS tp_count FROM `blog_article` WHERE `cateid` = '5' LIMIT 1   [ RunTime:0.0000s ]
SQL: SELECT * FROM `blog_article` WHERE `cateid` = '5' ORDER BY time desc LIMIT 0,5   [ RunTime:0.0010s ]
INFO: [ view_parse ] --START--
NOTIC: [2] file_get_contents(./App/Home/View/Public/right.html): failed to open stream: No such file or directory D:\wamp64\www\TP_BLOG\ThinkPHP\Library\Think\Template.class.php 第 696 行.
INFO: [ template_filter ] --START--
INFO: Run Behavior\ContentReplaceBehavior [ RunTime:0.000000s ]
INFO: [ template_filter ] --END-- [ RunTime:0.001000s ]
INFO: Run Behavior\ParseTemplateBehavior [ RunTime:0.016001s ]
INFO: [ view_parse ] --END-- [ RunTime:0.017001s ]
INFO: [ view_filter ] --START--
INFO: Run Behavior\WriteHtmlCacheBehavior [ RunTime:0.000000s ]
INFO: [ view_filter ] --END-- [ RunTime:0.000000s ]
INFO: [ app_end ] --START--
INFO: Run Behavior\ShowPageTraceBehavior [ RunTime:0.000000s ]
INFO: [ app_end ] --END-- [ RunTime:0.001000s ]

[ 2018-05-08T21:50:46+08:00 ] ::1 /TP_BLOG/index.php/Home/Cate/index/id/5
INFO: [ app_init ] --START--
INFO: Run Behavior\BuildLiteBehavior [ RunTime:0.001000s ]
INFO: [ app_init ] --END-- [ RunTime:0.001000s ]
INFO: [ app_begin ] --START--
INFO: Run Behavior\ReadHtmlCacheBehavior [ RunTime:0.001000s ]
INFO: [ app_begin ] --END-- [ RunTime:0.001000s ]
SQL: SHOW COLUMNS FROM `blog_cate` [ RunTime:0.0010s ]
SQL: SELECT * FROM `blog_cate` ORDER BY sort desc  [ RunTime:0.0000s ]
SQL: SHOW COLUMNS FROM `blog_link` [ RunTime:0.0000s ]
SQL: SELECT * FROM `blog_link` ORDER BY sort desc  [ RunTime:0.0000s ]
SQL: SHOW COLUMNS FROM `blog_article` [ RunTime:0.0010s ]
SQL: SELECT * FROM `blog_article` ORDER BY time desc LIMIT 4   [ RunTime:0.0000s ]
SQL: SELECT COUNT(*) AS tp_count FROM `blog_article` WHERE `cateid` = '5' LIMIT 1   [ RunTime:0.0000s ]
SQL: SELECT * FROM `blog_article` WHERE `cateid` = '5' ORDER BY time desc LIMIT 0,5   [ RunTime:0.0000s ]
INFO: [ view_parse ] --START--
NOTIC: [2] file_get_contents(./App/Home/View/Public/right.html): failed to open stream: No such file or directory D:\wamp64\www\TP_BLOG\ThinkPHP\Library\Think\Template.class.php 第 696 行.
INFO: [ template_filter ] --START--
INFO: Run Behavior\ContentReplaceBehavior [ RunTime:0.001000s ]
INFO: [ template_filter ] --END-- [ RunTime:0.001000s ]
INFO: Run Behavior\ParseTemplateBehavior [ RunTime:0.014000s ]
INFO: [ view_parse ] --END-- [ RunTime:0.014000s ]
INFO: [ view_filter ] --START--
INFO: Run Behavior\WriteHtmlCacheBehavior [ RunTime:0.000000s ]
INFO: [ view_filter ] --END-- [ RunTime:0.000000s ]
INFO: [ app_end ] --START--
INFO: Run Behavior\ShowPageTraceBehavior [ RunTime:0.002001s ]
INFO: [ app_end ] --END-- [ RunTime:0.002001s ]

[ 2018-05-08T21:50:51+08:00 ] ::1 /TP_BLOG/index.php/Home/Cate/index/id/5
INFO: [ app_init ] --START--
INFO: Run Behavior\BuildLiteBehavior [ RunTime:0.000000s ]
INFO: [ app_init ] --END-- [ RunTime:0.000000s ]
INFO: [ app_begin ] --START--
INFO: Run Behavior\ReadHtmlCacheBehavior [ RunTime:0.001000s ]
INFO: [ app_begin ] --END-- [ RunTime:0.001000s ]
SQL: SHOW COLUMNS FROM `blog_cate` [ RunTime:0.0010s ]
SQL: SELECT * FROM `blog_cate` ORDER BY sort desc  [ RunTime:0.0010s ]
SQL: SHOW COLUMNS FROM `blog_link` [ RunTime:0.0020s ]
SQL: SELECT * FROM `blog_link` ORDER BY sort desc  [ RunTime:0.0010s ]
SQL: SHOW COLUMNS FROM `blog_article` [ RunTime:0.0000s ]
SQL: SELECT * FROM `blog_article` ORDER BY time desc LIMIT 4   [ RunTime:0.0000s ]
SQL: SELECT COUNT(*) AS tp_count FROM `blog_article` WHERE `cateid` = '5' LIMIT 1   [ RunTime:0.0010s ]
SQL: SELECT * FROM `blog_article` WHERE `cateid` = '5' ORDER BY time desc LIMIT 0,5   [ RunTime:0.0000s ]
INFO: [ view_parse ] --START--
NOTIC: [2] file_get_contents(./App/Home/View/Public/right.html): failed to open stream: No such file or directory D:\wamp64\www\TP_BLOG\ThinkPHP\Library\Think\Template.class.php 第 696 行.
INFO: [ template_filter ] --START--
INFO: Run Behavior\ContentReplaceBehavior [ RunTime:0.000000s ]
INFO: [ template_filter ] --END-- [ RunTime:0.000000s ]
INFO: Run Behavior\ParseTemplateBehavior [ RunTime:0.019001s ]
INFO: [ view_parse ] --END-- [ RunTime:0.019001s ]
INFO: [ view_filter ] --START--
INFO: Run Behavior\WriteHtmlCacheBehavior [ RunTime:0.001000s ]
INFO: [ view_filter ] --END-- [ RunTime:0.001000s ]
INFO: [ app_end ] --START--
INFO: Run Behavior\ShowPageTraceBehavior [ RunTime:0.001000s ]
INFO: [ app_end ] --END-- [ RunTime:0.001000s ]

[ 2018-05-08T21:50:52+08:00 ] ::1 /TP_BLOG/index.php/Home/Cate/index/id/5
INFO: [ app_init ] --START--
INFO: Run Behavior\BuildLiteBehavior [ RunTime:0.000000s ]
INFO: [ app_init ] --END-- [ RunTime:0.001000s ]
INFO: [ app_begin ] --START--
INFO: Run Behavior\ReadHtmlCacheBehavior [ RunTime:0.001000s ]
INFO: [ app_begin ] --END-- [ RunTime:0.001000s ]
SQL: SHOW COLUMNS FROM `blog_cate` [ RunTime:0.0010s ]
SQL: SELECT * FROM `blog_cate` ORDER BY sort desc  [ RunTime:0.0030s ]
SQL: SHOW COLUMNS FROM `blog_link` [ RunTime:0.0010s ]
SQL: SELECT * FROM `blog_link` ORDER BY sort desc  [ RunTime:0.0000s ]
SQL: SHOW COLUMNS FROM `blog_article` [ RunTime:0.0020s ]
SQL: SELECT * FROM `blog_article` ORDER BY time desc LIMIT 4   [ RunTime:0.0010s ]
SQL: SELECT COUNT(*) AS tp_count FROM `blog_article` WHERE `cateid` = '5' LIMIT 1   [ RunTime:0.0000s ]
SQL: SELECT * FROM `blog_article` WHERE `cateid` = '5' ORDER BY time desc LIMIT 0,5   [ RunTime:0.0010s ]
INFO: [ view_parse ] --START--
NOTIC: [2] file_get_contents(./App/Home/View/Public/right.html): failed to open stream: No such file or directory D:\wamp64\www\TP_BLOG\ThinkPHP\Library\Think\Template.class.php 第 696 行.
INFO: [ template_filter ] --START--
INFO: Run Behavior\ContentReplaceBehavior [ RunTime:0.001001s ]
INFO: [ template_filter ] --END-- [ RunTime:0.001001s ]
INFO: Run Behavior\ParseTemplateBehavior [ RunTime:0.015001s ]
INFO: [ view_parse ] --END-- [ RunTime:0.015001s ]
INFO: [ view_filter ] --START--
INFO: Run Behavior\WriteHtmlCacheBehavior [ RunTime:0.001000s ]
INFO: [ view_filter ] --END-- [ RunTime:0.001000s ]
INFO: [ app_end ] --START--
INFO: Run Behavior\ShowPageTraceBehavior [ RunTime:0.001000s ]
INFO: [ app_end ] --END-- [ RunTime:0.001000s ]

[ 2018-05-08T21:50:57+08:00 ] ::1 /TP_BLOG/index.php/Home/Cate/index/id/5
INFO: [ app_init ] --START--
INFO: Run Behavior\BuildLiteBehavior [ RunTime:0.000000s ]
INFO: [ app_init ] --END-- [ RunTime:0.001000s ]
INFO: [ app_begin ] --START--
INFO: Run Behavior\ReadHtmlCacheBehavior [ RunTime:0.001000s ]
INFO: [ app_begin ] --END-- [ RunTime:0.001000s ]
SQL: SHOW COLUMNS FROM `blog_cate` [ RunTime:0.0010s ]
SQL: SELECT * FROM `blog_cate` ORDER BY sort desc  [ RunTime:0.0000s ]
SQL: SHOW COLUMNS FROM `blog_link` [ RunTime:0.0010s ]
SQL: SELECT * FROM `blog_link` ORDER BY sort desc  [ RunTime:0.0010s ]
SQL: SHOW COLUMNS FROM `blog_article` [ RunTime:0.0010s ]
SQL: SELECT * FROM `blog_article` ORDER BY time desc LIMIT 4   [ RunTime:0.0000s ]
SQL: SELECT COUNT(*) AS tp_count FROM `blog_article` WHERE `cateid` = '5' LIMIT 1   [ RunTime:0.0000s ]
SQL: SELECT * FROM `blog_article` WHERE `cateid` = '5' ORDER BY time desc LIMIT 0,5   [ RunTime:0.0000s ]
INFO: [ view_parse ] --START--
NOTIC: [2] file_get_contents(./App/Home/View/Public/right.html): failed to open stream: No such file or directory D:\wamp64\www\TP_BLOG\ThinkPHP\Library\Think\Template.class.php 第 696 行.
INFO: [ template_filter ] --START--
INFO: Run Behavior\ContentReplaceBehavior [ RunTime:0.000000s ]
INFO: [ template_filter ] --END-- [ RunTime:0.000000s ]
INFO: Run Behavior\ParseTemplateBehavior [ RunTime:0.013001s ]
INFO: [ view_parse ] --END-- [ RunTime:0.013001s ]
INFO: [ view_filter ] --START--
INFO: Run Behavior\WriteHtmlCacheBehavior [ RunTime:0.000000s ]
INFO: [ view_filter ] --END-- [ RunTime:0.000000s ]
INFO: [ app_end ] --START--
INFO: Run Behavior\ShowPageTraceBehavior [ RunTime:0.000000s ]
INFO: [ app_end ] --END-- [ RunTime:0.001000s ]

[ 2018-05-08T21:52:29+08:00 ] ::1 /TP_BLOG/index.php/Home/Cate/index/id/5
INFO: [ app_init ] --START--
INFO: Run Behavior\BuildLiteBehavior [ RunTime:0.000000s ]
INFO: [ app_init ] --END-- [ RunTime:0.001000s ]
INFO: [ app_begin ] --START--
INFO: Run Behavior\ReadHtmlCacheBehavior [ RunTime:0.000000s ]
INFO: [ app_begin ] --END-- [ RunTime:0.001000s ]
SQL: SHOW COLUMNS FROM `blog_cate` [ RunTime:0.0010s ]
SQL: SELECT * FROM `blog_cate` ORDER BY sort desc  [ RunTime:0.0010s ]
SQL: SHOW COLUMNS FROM `blog_link` [ RunTime:0.0010s ]
SQL: SELECT * FROM `blog_link` ORDER BY sort desc  [ RunTime:0.0000s ]
SQL: SHOW COLUMNS FROM `blog_article` [ RunTime:0.0010s ]
SQL: SELECT * FROM `blog_article` ORDER BY time desc LIMIT 4   [ RunTime:0.0000s ]
SQL: SELECT COUNT(*) AS tp_count FROM `blog_article` WHERE `cateid` = '5' LIMIT 1   [ RunTime:0.0000s ]
SQL: SELECT * FROM `blog_article` WHERE `cateid` = '5' ORDER BY time desc LIMIT 0,5   [ RunTime:0.0000s ]
INFO: [ view_parse ] --START--
NOTIC: [2] file_get_contents(./App/Home/View/Public/right.html): failed to open stream: No such file or directory D:\wamp64\www\TP_BLOG\ThinkPHP\Library\Think\Template.class.php 第 696 行.
INFO: [ template_filter ] --START--
INFO: Run Behavior\ContentReplaceBehavior [ RunTime:0.000000s ]
INFO: [ template_filter ] --END-- [ RunTime:0.000000s ]
INFO: Run Behavior\ParseTemplateBehavior [ RunTime:0.014000s ]
INFO: [ view_parse ] --END-- [ RunTime:0.015000s ]
INFO: [ view_filter ] --START--
INFO: Run Behavior\WriteHtmlCacheBehavior [ RunTime:0.000000s ]
INFO: [ view_filter ] --END-- [ RunTime:0.001000s ]
INFO: [ app_end ] --START--
INFO: Run Behavior\ShowPageTraceBehavior [ RunTime:0.000000s ]
INFO: [ app_end ] --END-- [ RunTime:0.001000s ]

[ 2018-05-08T21:52:29+08:00 ] ::1 /TP_BLOG/
INFO: [ app_init ] --START--
INFO: Run Behavior\BuildLiteBehavior [ RunTime:0.000000s ]
INFO: [ app_init ] --END-- [ RunTime:0.000000s ]
INFO: [ app_begin ] --START--
INFO: Run Behavior\ReadHtmlCacheBehavior [ RunTime:0.001000s ]
INFO: [ app_begin ] --END-- [ RunTime:0.001000s ]
SQL: SHOW COLUMNS FROM `blog_cate` [ RunTime:0.0010s ]
SQL: SELECT * FROM `blog_cate` ORDER BY sort desc  [ RunTime:0.0000s ]
SQL: SHOW COLUMNS FROM `blog_link` [ RunTime:0.0010s ]
SQL: SELECT * FROM `blog_link` ORDER BY sort desc  [ RunTime:0.0000s ]
SQL: SHOW COLUMNS FROM `blog_article` [ RunTime:0.0010s ]
SQL: SELECT * FROM `blog_article` ORDER BY time desc LIMIT 4   [ RunTime:0.0000s ]
SQL: SELECT COUNT(*) AS tp_count FROM `blog_article` WHERE `cateid` = '' LIMIT 1   [ RunTime:0.0000s ]
SQL: SELECT * FROM `blog_article` WHERE `cateid` = '' ORDER BY time desc LIMIT 0,5   [ RunTime:0.0000s ]
INFO: [ view_parse ] --START--
INFO: [ template_filter ] --START--
INFO: Run Behavior\ContentReplaceBehavior [ RunTime:0.000000s ]
INFO: [ template_filter ] --END-- [ RunTime:0.000000s ]
NOTIC: [8] Undefined index: link D:\wamp64\www\TP_BLOG\App\Runtime\Cache\Home\00e52909bed743ea261af4b6823297ff.php 第 143 行.
NOTIC: [8] Undefined index: link D:\wamp64\www\TP_BLOG\App\Runtime\Cache\Home\00e52909bed743ea261af4b6823297ff.php 第 143 行.
NOTIC: [8] Undefined index: link D:\wamp64\www\TP_BLOG\App\Runtime\Cache\Home\00e52909bed743ea261af4b6823297ff.php 第 143 行.
NOTIC: [8] Undefined index: link D:\wamp64\www\TP_BLOG\App\Runtime\Cache\Home\00e52909bed743ea261af4b6823297ff.php 第 143 行.
INFO: Run Behavior\ParseTemplateBehavior [ RunTime:0.026002s ]
INFO: [ view_parse ] --END-- [ RunTime:0.026002s ]
INFO: [ view_filter ] --START--
INFO: Run Behavior\WriteHtmlCacheBehavior [ RunTime:0.000000s ]
INFO: [ view_filter ] --END-- [ RunTime:0.001000s ]
INFO: [ app_end ] --START--
INFO: Run Behavior\ShowPageTraceBehavior [ RunTime:0.001000s ]
INFO: [ app_end ] --END-- [ RunTime:0.001000s ]

[ 2018-05-08T21:52:31+08:00 ] ::1 /TP_BLOG/index.php/Home/Article/index/id/3
INFO: [ app_init ] --START--
INFO: Run Behavior\BuildLiteBehavior [ RunTime:0.000000s ]
INFO: [ app_init ] --END-- [ RunTime:0.001000s ]
INFO: [ app_begin ] --START--
INFO: Run Behavior\ReadHtmlCacheBehavior [ RunTime:0.000000s ]
INFO: [ app_begin ] --END-- [ RunTime:0.000000s ]
SQL: SHOW COLUMNS FROM `blog_cate` [ RunTime:0.0000s ]
SQL: SELECT * FROM `blog_cate` ORDER BY sort desc  [ RunTime:0.0010s ]
SQL: SHOW COLUMNS FROM `blog_link` [ RunTime:0.0010s ]
SQL: SELECT * FROM `blog_link` ORDER BY sort desc  [ RunTime:0.0000s ]
SQL: SHOW COLUMNS FROM `blog_article` [ RunTime:0.0000s ]
SQL: SELECT * FROM `blog_article` ORDER BY time desc LIMIT 4   [ RunTime:0.0000s ]
INFO: [ view_parse ] --START--
INFO: [ template_filter ] --START--
INFO: Run Behavior\ContentReplaceBehavior [ RunTime:0.001000s ]
INFO: [ template_filter ] --END-- [ RunTime:0.001000s ]
INFO: Run Behavior\ParseTemplateBehavior [ RunTime:0.052003s ]
INFO: [ view_parse ] --END-- [ RunTime:0.052003s ]
INFO: [ view_filter ] --START--
INFO: Run Behavior\WriteHtmlCacheBehavior [ RunTime:0.001000s ]
INFO: [ view_filter ] --END-- [ RunTime:0.001000s ]
INFO: [ app_end ] --START--
INFO: Run Behavior\ShowPageTraceBehavior [ RunTime:0.001000s ]
INFO: [ app_end ] --END-- [ RunTime:0.001000s ]

[ 2018-05-08T21:52:35+08:00 ] ::1 /TP_BLOG/index.php/Home/Article/index/id/2
INFO: [ app_init ] --START--
INFO: Run Behavior\BuildLiteBehavior [ RunTime:0.001001s ]
INFO: [ app_init ] --END-- [ RunTime:0.001001s ]
INFO: [ app_begin ] --START--
INFO: Run Behavior\ReadHtmlCacheBehavior [ RunTime:0.001000s ]
INFO: [ app_begin ] --END-- [ RunTime:0.001000s ]
SQL: SHOW COLUMNS FROM `blog_cate` [ RunTime:0.0010s ]
SQL: SELECT * FROM `blog_cate` ORDER BY sort desc  [ RunTime:0.0010s ]
SQL: SHOW COLUMNS FROM `blog_link` [ RunTime:0.0010s ]
SQL: SELECT * FROM `blog_link` ORDER BY sort desc  [ RunTime:0.0010s ]
SQL: SHOW COLUMNS FROM `blog_article` [ RunTime:0.0010s ]
SQL: SELECT * FROM `blog_article` ORDER BY time desc LIMIT 4   [ RunTime:0.0000s ]
INFO: [ view_parse ] --START--
INFO: [ template_filter ] --START--
INFO: Run Behavior\ContentReplaceBehavior [ RunTime:0.001000s ]
INFO: [ template_filter ] --END-- [ RunTime:0.001000s ]
INFO: Run Behavior\ParseTemplateBehavior [ RunTime:0.011001s ]
INFO: [ view_parse ] --END-- [ RunTime:0.011001s ]
INFO: [ view_filter ] --START--
INFO: Run Behavior\WriteHtmlCacheBehavior [ RunTime:0.001000s ]
INFO: [ view_filter ] --END-- [ RunTime:0.001000s ]
INFO: [ app_end ] --START--
INFO: Run Behavior\ShowPageTraceBehavior [ RunTime:0.001000s ]
INFO: [ app_end ] --END-- [ RunTime:0.001000s ]

[ 2018-05-08T21:52:47+08:00 ] ::1 /TP_BLOG/index.php/Home/Article/index/2
INFO: [ app_init ] --START--
INFO: Run Behavior\BuildLiteBehavior [ RunTime:0.000000s ]
INFO: [ app_init ] --END-- [ RunTime:0.001000s ]
INFO: [ app_begin ] --START--
INFO: Run Behavior\ReadHtmlCacheBehavior [ RunTime:0.001000s ]
INFO: [ app_begin ] --END-- [ RunTime:0.001000s ]
SQL: SHOW COLUMNS FROM `blog_cate` [ RunTime:0.0000s ]
SQL: SELECT * FROM `blog_cate` ORDER BY sort desc  [ RunTime:0.0010s ]
SQL: SHOW COLUMNS FROM `blog_link` [ RunTime:0.0010s ]
SQL: SELECT * FROM `blog_link` ORDER BY sort desc  [ RunTime:0.0000s ]
SQL: SHOW COLUMNS FROM `blog_article` [ RunTime:0.0000s ]
SQL: SELECT * FROM `blog_article` ORDER BY time desc LIMIT 4   [ RunTime:0.0000s ]
INFO: [ view_parse ] --START--
INFO: [ template_filter ] --START--
INFO: Run Behavior\ContentReplaceBehavior [ RunTime:0.000000s ]
INFO: [ template_filter ] --END-- [ RunTime:0.000000s ]
INFO: Run Behavior\ParseTemplateBehavior [ RunTime:0.012001s ]
INFO: [ view_parse ] --END-- [ RunTime:0.012001s ]
INFO: [ view_filter ] --START--
INFO: Run Behavior\WriteHtmlCacheBehavior [ RunTime:0.000000s ]
INFO: [ view_filter ] --END-- [ RunTime:0.001000s ]
INFO: [ app_end ] --START--
INFO: Run Behavior\ShowPageTraceBehavior [ RunTime:0.001000s ]
INFO: [ app_end ] --END-- [ RunTime:0.001000s ]

[ 2018-05-08T22:05:20+08:00 ] ::1 /TP_BLOG/index.php/Home/
INFO: [ app_init ] --START--
INFO: Run Behavior\BuildLiteBehavior [ RunTime:0.000000s ]
INFO: [ app_init ] --END-- [ RunTime:0.001000s ]
INFO: [ app_begin ] --START--
INFO: Run Behavior\ReadHtmlCacheBehavior [ RunTime:0.001000s ]
INFO: [ app_begin ] --END-- [ RunTime:0.002000s ]
SQL: SHOW COLUMNS FROM `blog_cate` [ RunTime:0.0010s ]
SQL: SELECT * FROM `blog_cate` ORDER BY sort desc  [ RunTime:0.0000s ]
SQL: SHOW COLUMNS FROM `blog_link` [ RunTime:0.0000s ]
SQL: SELECT * FROM `blog_link` ORDER BY sort desc  [ RunTime:0.0000s ]
SQL: SHOW COLUMNS FROM `blog_article` [ RunTime:0.0000s ]
SQL: SELECT * FROM `blog_article` ORDER BY time desc LIMIT 4   [ RunTime:0.0000s ]
SQL: SELECT COUNT(*) AS tp_count FROM `blog_article` WHERE `cateid` = '' LIMIT 1   [ RunTime:0.0010s ]
SQL: SELECT * FROM `blog_article` WHERE `cateid` = '' ORDER BY time desc LIMIT 0,5   [ RunTime:0.0010s ]
INFO: [ view_parse ] --START--
INFO: [ template_filter ] --START--
INFO: Run Behavior\ContentReplaceBehavior [ RunTime:0.001000s ]
INFO: [ template_filter ] --END-- [ RunTime:0.001000s ]
NOTIC: [8] Undefined index: link D:\wamp64\www\TP_BLOG\App\Runtime\Cache\Home\00e52909bed743ea261af4b6823297ff.php 第 143 行.
NOTIC: [8] Undefined index: link D:\wamp64\www\TP_BLOG\App\Runtime\Cache\Home\00e52909bed743ea261af4b6823297ff.php 第 143 行.
NOTIC: [8] Undefined index: link D:\wamp64\www\TP_BLOG\App\Runtime\Cache\Home\00e52909bed743ea261af4b6823297ff.php 第 143 行.
NOTIC: [8] Undefined index: link D:\wamp64\www\TP_BLOG\App\Runtime\Cache\Home\00e52909bed743ea261af4b6823297ff.php 第 143 行.
INFO: Run Behavior\ParseTemplateBehavior [ RunTime:0.020001s ]
INFO: [ view_parse ] --END-- [ RunTime:0.020001s ]
INFO: [ view_filter ] --START--
INFO: Run Behavior\WriteHtmlCacheBehavior [ RunTime:0.001000s ]
INFO: [ view_filter ] --END-- [ RunTime:0.001000s ]
INFO: [ app_end ] --START--
INFO: Run Behavior\ShowPageTraceBehavior [ RunTime:0.001000s ]
INFO: [ app_end ] --END-- [ RunTime:0.001000s ]

[ 2018-05-08T22:16:04+08:00 ] ::1 /TP_BLOG/index.php/Home/
INFO: [ app_init ] --START--
INFO: Run Behavior\BuildLiteBehavior [ RunTime:0.000000s ]
INFO: [ app_init ] --END-- [ RunTime:0.000000s ]
INFO: [ app_begin ] --START--
INFO: Run Behavior\ReadHtmlCacheBehavior [ RunTime:0.001000s ]
INFO: [ app_begin ] --END-- [ RunTime:0.001000s ]
SQL: SHOW COLUMNS FROM `blog_cate` [ RunTime:0.0010s ]
SQL: SELECT * FROM `blog_cate` ORDER BY sort desc  [ RunTime:0.0000s ]
SQL: SHOW COLUMNS FROM `blog_link` [ RunTime:0.0000s ]
SQL: SELECT * FROM `blog_link` ORDER BY sort desc  [ RunTime:0.0000s ]
SQL: SHOW COLUMNS FROM `blog_article` [ RunTime:0.0010s ]
SQL: SELECT * FROM `blog_article` ORDER BY time desc LIMIT 4   [ RunTime:0.0010s ]
SQL: SELECT COUNT(*) AS tp_count FROM `blog_article` LIMIT 1   [ RunTime:0.0010s ]
SQL: SELECT * FROM `blog_article` ORDER BY time desc LIMIT 0,5   [ RunTime:0.0010s ]
INFO: [ view_parse ] --START--
INFO: [ template_filter ] --START--
INFO: Run Behavior\ContentReplaceBehavior [ RunTime:0.000000s ]
INFO: [ template_filter ] --END-- [ RunTime:0.000000s ]
NOTIC: [8] Undefined index: link D:\wamp64\www\TP_BLOG\App\Runtime\Cache\Home\00e52909bed743ea261af4b6823297ff.php 第 143 行.
NOTIC: [8] Undefined index: link D:\wamp64\www\TP_BLOG\App\Runtime\Cache\Home\00e52909bed743ea261af4b6823297ff.php 第 143 行.
NOTIC: [8] Undefined index: link D:\wamp64\www\TP_BLOG\App\Runtime\Cache\Home\00e52909bed743ea261af4b6823297ff.php 第 143 行.
NOTIC: [8] Undefined index: link D:\wamp64\www\TP_BLOG\App\Runtime\Cache\Home\00e52909bed743ea261af4b6823297ff.php 第 143 行.
INFO: Run Behavior\ParseTemplateBehavior [ RunTime:0.022001s ]
INFO: [ view_parse ] --END-- [ RunTime:0.022001s ]
INFO: [ view_filter ] --START--
INFO: Run Behavior\WriteHtmlCacheBehavior [ RunTime:0.001000s ]
INFO: [ view_filter ] --END-- [ RunTime:0.001000s ]
INFO: [ app_end ] --START--
INFO: Run Behavior\ShowPageTraceBehavior [ RunTime:0.001000s ]
INFO: [ app_end ] --END-- [ RunTime:0.001000s ]

[ 2018-05-08T22:16:04+08:00 ] ::1 /TP_BLOG/
INFO: [ app_init ] --START--
INFO: Run Behavior\BuildLiteBehavior [ RunTime:0.000000s ]
INFO: [ app_init ] --END-- [ RunTime:0.001000s ]
INFO: [ app_begin ] --START--
INFO: Run Behavior\ReadHtmlCacheBehavior [ RunTime:0.001000s ]
INFO: [ app_begin ] --END-- [ RunTime:0.001000s ]
SQL: SHOW COLUMNS FROM `blog_cate` [ RunTime:0.0020s ]
SQL: SELECT * FROM `blog_cate` ORDER BY sort desc  [ RunTime:0.0010s ]
SQL: SHOW COLUMNS FROM `blog_link` [ RunTime:0.0010s ]
SQL: SELECT * FROM `blog_link` ORDER BY sort desc  [ RunTime:0.0010s ]
SQL: SHOW COLUMNS FROM `blog_article` [ RunTime:0.0010s ]
SQL: SELECT * FROM `blog_article` ORDER BY time desc LIMIT 4   [ RunTime:0.0010s ]
SQL: SELECT COUNT(*) AS tp_count FROM `blog_article` LIMIT 1   [ RunTime:0.0010s ]
SQL: SELECT * FROM `blog_article` ORDER BY time desc LIMIT 0,5   [ RunTime:0.0000s ]
INFO: [ view_parse ] --START--
INFO: [ template_filter ] --START--
INFO: Run Behavior\ContentReplaceBehavior [ RunTime:0.000000s ]
INFO: [ template_filter ] --END-- [ RunTime:0.001000s ]
NOTIC: [8] Undefined index: link D:\wamp64\www\TP_BLOG\App\Runtime\Cache\Home\00e52909bed743ea261af4b6823297ff.php 第 143 行.
NOTIC: [8] Undefined index: link D:\wamp64\www\TP_BLOG\App\Runtime\Cache\Home\00e52909bed743ea261af4b6823297ff.php 第 143 行.
NOTIC: [8] Undefined index: link D:\wamp64\www\TP_BLOG\App\Runtime\Cache\Home\00e52909bed743ea261af4b6823297ff.php 第 143 行.
NOTIC: [8] Undefined index: link D:\wamp64\www\TP_BLOG\App\Runtime\Cache\Home\00e52909bed743ea261af4b6823297ff.php 第 143 行.
INFO: Run Behavior\ParseTemplateBehavior [ RunTime:0.045002s ]
INFO: [ view_parse ] --END-- [ RunTime:0.045002s ]
INFO: [ view_filter ] --START--
INFO: Run Behavior\WriteHtmlCacheBehavior [ RunTime:0.001000s ]
INFO: [ view_filter ] --END-- [ RunTime:0.001000s ]
INFO: [ app_end ] --START--
INFO: Run Behavior\ShowPageTraceBehavior [ RunTime:0.002000s ]
INFO: [ app_end ] --END-- [ RunTime:0.002000s ]

[ 2018-05-08T23:20:45+08:00 ] ::1 /TP_BLOG/index.php/Home/
INFO: [ app_init ] --START--
INFO: Run Behavior\BuildLiteBehavior [ RunTime:0.000000s ]
INFO: [ app_init ] --END-- [ RunTime:0.001000s ]
INFO: [ app_begin ] --START--
INFO: Run Behavior\ReadHtmlCacheBehavior [ RunTime:0.001000s ]
INFO: [ app_begin ] --END-- [ RunTime:0.001000s ]
SQL: SHOW COLUMNS FROM `blog_cate` [ RunTime:0.0460s ]
SQL: SELECT * FROM `blog_cate` ORDER BY sort desc  [ RunTime:0.0000s ]
SQL: SHOW COLUMNS FROM `blog_link` [ RunTime:0.0010s ]
SQL: SELECT * FROM `blog_link` ORDER BY sort desc  [ RunTime:0.0010s ]
SQL: SHOW COLUMNS FROM `blog_article` [ RunTime:0.0080s ]
SQL: SELECT * FROM `blog_article` ORDER BY time desc LIMIT 4   [ RunTime:0.0000s ]
SQL: SELECT COUNT(*) AS tp_count FROM `blog_article` LIMIT 1   [ RunTime:0.0000s ]
SQL: SELECT * FROM `blog_article` ORDER BY time desc LIMIT 0,5   [ RunTime:0.0000s ]
INFO: [ view_parse ] --START--
INFO: [ template_filter ] --START--
INFO: Run Behavior\ContentReplaceBehavior [ RunTime:0.001000s ]
INFO: [ template_filter ] --END-- [ RunTime:0.001000s ]
NOTIC: [8] Undefined index: link D:\wamp64\www\TP_BLOG\App\Runtime\Cache\Home\00e52909bed743ea261af4b6823297ff.php 第 143 行.
NOTIC: [8] Undefined index: link D:\wamp64\www\TP_BLOG\App\Runtime\Cache\Home\00e52909bed743ea261af4b6823297ff.php 第 143 行.
NOTIC: [8] Undefined index: link D:\wamp64\www\TP_BLOG\App\Runtime\Cache\Home\00e52909bed743ea261af4b6823297ff.php 第 143 行.
NOTIC: [8] Undefined index: link D:\wamp64\www\TP_BLOG\App\Runtime\Cache\Home\00e52909bed743ea261af4b6823297ff.php 第 143 行.
INFO: Run Behavior\ParseTemplateBehavior [ RunTime:0.021001s ]
INFO: [ view_parse ] --END-- [ RunTime:0.021001s ]
INFO: [ view_filter ] --START--
INFO: Run Behavior\WriteHtmlCacheBehavior [ RunTime:0.000000s ]
INFO: [ view_filter ] --END-- [ RunTime:0.000000s ]
INFO: [ app_end ] --START--
INFO: Run Behavior\ShowPageTraceBehavior [ RunTime:0.001000s ]
INFO: [ app_end ] --END-- [ RunTime:0.001000s ]

[ 2018-05-08T23:20:46+08:00 ] ::1 /TP_BLOG/
INFO: [ app_init ] --START--
INFO: Run Behavior\BuildLiteBehavior [ RunTime:0.000000s ]
INFO: [ app_init ] --END-- [ RunTime:0.001000s ]
INFO: [ app_begin ] --START--
INFO: Run Behavior\ReadHtmlCacheBehavior [ RunTime:0.001000s ]
INFO: [ app_begin ] --END-- [ RunTime:0.001000s ]
SQL: SHOW COLUMNS FROM `blog_cate` [ RunTime:0.0420s ]
SQL: SELECT * FROM `blog_cate` ORDER BY sort desc  [ RunTime:0.0010s ]
SQL: SHOW COLUMNS FROM `blog_link` [ RunTime:0.0020s ]
SQL: SELECT * FROM `blog_link` ORDER BY sort desc  [ RunTime:0.0000s ]
SQL: SHOW COLUMNS FROM `blog_article` [ RunTime:0.0010s ]
SQL: SELECT * FROM `blog_article` ORDER BY time desc LIMIT 4   [ RunTime:0.0010s ]
SQL: SELECT COUNT(*) AS tp_count FROM `blog_article` LIMIT 1   [ RunTime:0.0010s ]
SQL: SELECT * FROM `blog_article` ORDER BY time desc LIMIT 0,5   [ RunTime:0.0010s ]
INFO: [ view_parse ] --START--
INFO: [ template_filter ] --START--
INFO: Run Behavior\ContentReplaceBehavior [ RunTime:0.000000s ]
INFO: [ template_filter ] --END-- [ RunTime:0.001000s ]
NOTIC: [8] Undefined index: link D:\wamp64\www\TP_BLOG\App\Runtime\Cache\Home\00e52909bed743ea261af4b6823297ff.php 第 143 行.
NOTIC: [8] Undefined index: link D:\wamp64\www\TP_BLOG\App\Runtime\Cache\Home\00e52909bed743ea261af4b6823297ff.php 第 143 行.
NOTIC: [8] Undefined index: link D:\wamp64\www\TP_BLOG\App\Runtime\Cache\Home\00e52909bed743ea261af4b6823297ff.php 第 143 行.
NOTIC: [8] Undefined index: link D:\wamp64\www\TP_BLOG\App\Runtime\Cache\Home\00e52909bed743ea261af4b6823297ff.php 第 143 行.
INFO: Run Behavior\ParseTemplateBehavior [ RunTime:0.039002s ]
INFO: [ view_parse ] --END-- [ RunTime:0.039002s ]
INFO: [ view_filter ] --START--
INFO: Run Behavior\WriteHtmlCacheBehavior [ RunTime:0.001000s ]
INFO: [ view_filter ] --END-- [ RunTime:0.001000s ]
INFO: [ app_end ] --START--
INFO: Run Behavior\ShowPageTraceBehavior [ RunTime:0.001000s ]
INFO: [ app_end ] --END-- [ RunTime:0.001000s ]

[ 2018-05-08T23:51:54+08:00 ] ::1 /TP_BLOG/index.php/Home/Cate/index/id/5
INFO: [ app_init ] --START--
INFO: Run Behavior\BuildLiteBehavior [ RunTime:0.000000s ]
INFO: [ app_init ] --END-- [ RunTime:0.001000s ]
INFO: [ app_begin ] --START--
INFO: Run Behavior\ReadHtmlCacheBehavior [ RunTime:0.001000s ]
INFO: [ app_begin ] --END-- [ RunTime:0.001000s ]
SQL: SHOW COLUMNS FROM `blog_cate` [ RunTime:0.0170s ]
SQL: SELECT * FROM `blog_cate` ORDER BY sort desc  [ RunTime:0.0380s ]
SQL: SHOW COLUMNS FROM `blog_link` [ RunTime:0.0490s ]
SQL: SELECT * FROM `blog_link` ORDER BY sort desc  [ RunTime:0.0000s ]
SQL: SHOW COLUMNS FROM `blog_article` [ RunTime:0.0010s ]
SQL: SELECT * FROM `blog_article` ORDER BY time desc LIMIT 4   [ RunTime:0.0020s ]
SQL: SELECT COUNT(*) AS tp_count FROM `blog_article` WHERE `cateid` = '5' LIMIT 1   [ RunTime:0.2820s ]
SQL: SELECT * FROM `blog_article` WHERE `cateid` = '5' ORDER BY time desc LIMIT 0,5   [ RunTime:0.0010s ]
INFO: [ view_parse ] --START--
NOTIC: [2] file_get_contents(./App/Home/View/Public/right.html): failed to open stream: No such file or directory D:\wamp64\www\TP_BLOG\ThinkPHP\Library\Think\Template.class.php 第 696 行.
INFO: [ template_filter ] --START--
INFO: Run Behavior\ContentReplaceBehavior [ RunTime:0.000000s ]
INFO: [ template_filter ] --END-- [ RunTime:0.000000s ]
INFO: Run Behavior\ParseTemplateBehavior [ RunTime:0.049003s ]
INFO: [ view_parse ] --END-- [ RunTime:0.050003s ]
INFO: [ view_filter ] --START--
INFO: Run Behavior\WriteHtmlCacheBehavior [ RunTime:0.000000s ]
INFO: [ view_filter ] --END-- [ RunTime:0.000000s ]
INFO: [ app_end ] --START--
INFO: Run Behavior\ShowPageTraceBehavior [ RunTime:0.001000s ]
INFO: [ app_end ] --END-- [ RunTime:0.001000s ]

[ 2018-05-08T23:51:54+08:00 ] ::1 /TP_BLOG/
INFO: [ app_init ] --START--
INFO: Run Behavior\BuildLiteBehavior [ RunTime:0.000000s ]
INFO: [ app_init ] --END-- [ RunTime:0.001000s ]
INFO: [ app_begin ] --START--
INFO: Run Behavior\ReadHtmlCacheBehavior [ RunTime:0.001000s ]
INFO: [ app_begin ] --END-- [ RunTime:0.001000s ]
SQL: SHOW COLUMNS FROM `blog_cate` [ RunTime:0.0560s ]
SQL: SELECT * FROM `blog_cate` ORDER BY sort desc  [ RunTime:0.0010s ]
SQL: SHOW COLUMNS FROM `blog_link` [ RunTime:0.0150s ]
SQL: SELECT * FROM `blog_link` ORDER BY sort desc  [ RunTime:0.0010s ]
SQL: SHOW COLUMNS FROM `blog_article` [ RunTime:0.0010s ]
SQL: SELECT * FROM `blog_article` ORDER BY time desc LIMIT 4   [ RunTime:0.0010s ]
SQL: SELECT COUNT(*) AS tp_count FROM `blog_article` LIMIT 1   [ RunTime:0.0000s ]
SQL: SELECT * FROM `blog_article` ORDER BY time desc LIMIT 0,5   [ RunTime:0.0000s ]
INFO: [ view_parse ] --START--
INFO: [ template_filter ] --START--
INFO: Run Behavior\ContentReplaceBehavior [ RunTime:0.000000s ]
INFO: [ template_filter ] --END-- [ RunTime:0.000000s ]
NOTIC: [8] Undefined index: link D:\wamp64\www\TP_BLOG\App\Runtime\Cache\Home\00e52909bed743ea261af4b6823297ff.php 第 143 行.
NOTIC: [8] Undefined index: link D:\wamp64\www\TP_BLOG\App\Runtime\Cache\Home\00e52909bed743ea261af4b6823297ff.php 第 143 行.
NOTIC: [8] Undefined index: link D:\wamp64\www\TP_BLOG\App\Runtime\Cache\Home\00e52909bed743ea261af4b6823297ff.php 第 143 行.
NOTIC: [8] Undefined index: link D:\wamp64\www\TP_BLOG\App\Runtime\Cache\Home\00e52909bed743ea261af4b6823297ff.php 第 143 行.
INFO: Run Behavior\ParseTemplateBehavior [ RunTime:0.028001s ]
INFO: [ view_parse ] --END-- [ RunTime:0.029001s ]
INFO: [ view_filter ] --START--
INFO: Run Behavior\WriteHtmlCacheBehavior [ RunTime:0.000000s ]
INFO: [ view_filter ] --END-- [ RunTime:0.000000s ]
INFO: [ app_end ] --START--
INFO: Run Behavior\ShowPageTraceBehavior [ RunTime:0.000000s ]
INFO: [ app_end ] --END-- [ RunTime:0.001001s ]

[ 2018-05-08T23:51:55+08:00 ] ::1 /TP_BLOG/index.php/Home/Cate/index/id/5
INFO: [ app_init ] --START--
INFO: Run Behavior\BuildLiteBehavior [ RunTime:0.000000s ]
INFO: [ app_init ] --END-- [ RunTime:0.000000s ]
INFO: [ app_begin ] --START--
INFO: Run Behavior\ReadHtmlCacheBehavior [ RunTime:0.001000s ]
INFO: [ app_begin ] --END-- [ RunTime:0.001000s ]
SQL: SHOW COLUMNS FROM `blog_cate` [ RunTime:0.0000s ]
SQL: SELECT * FROM `blog_cate` ORDER BY sort desc  [ RunTime:0.0000s ]
SQL: SHOW COLUMNS FROM `blog_link` [ RunTime:0.0000s ]
SQL: SELECT * FROM `blog_link` ORDER BY sort desc  [ RunTime:0.0000s ]
SQL: SHOW COLUMNS FROM `blog_article` [ RunTime:0.0010s ]
SQL: SELECT * FROM `blog_article` ORDER BY time desc LIMIT 4   [ RunTime:0.0000s ]
SQL: SELECT COUNT(*) AS tp_count FROM `blog_article` WHERE `cateid` = '5' LIMIT 1   [ RunTime:0.0010s ]
SQL: SELECT * FROM `blog_article` WHERE `cateid` = '5' ORDER BY time desc LIMIT 0,5   [ RunTime:0.0010s ]
INFO: [ view_parse ] --START--
NOTIC: [2] file_get_contents(./App/Home/View/Public/right.html): failed to open stream: No such file or directory D:\wamp64\www\TP_BLOG\ThinkPHP\Library\Think\Template.class.php 第 696 行.
INFO: [ template_filter ] --START--
INFO: Run Behavior\ContentReplaceBehavior [ RunTime:0.000000s ]
INFO: [ template_filter ] --END-- [ RunTime:0.000000s ]
INFO: Run Behavior\ParseTemplateBehavior [ RunTime:0.016001s ]
INFO: [ view_parse ] --END-- [ RunTime:0.016001s ]
INFO: [ view_filter ] --START--
INFO: Run Behavior\WriteHtmlCacheBehavior [ RunTime:0.000000s ]
INFO: [ view_filter ] --END-- [ RunTime:0.001000s ]
INFO: [ app_end ] --START--
INFO: Run Behavior\ShowPageTraceBehavior [ RunTime:0.000000s ]
INFO: [ app_end ] --END-- [ RunTime:0.000000s ]

[ 2018-05-08T23:51:55+08:00 ] ::1 /TP_BLOG/
INFO: [ app_init ] --START--
INFO: Run Behavior\BuildLiteBehavior [ RunTime:0.000000s ]
INFO: [ app_init ] --END-- [ RunTime:0.001000s ]
INFO: [ app_begin ] --START--
INFO: Run Behavior\ReadHtmlCacheBehavior [ RunTime:0.001000s ]
INFO: [ app_begin ] --END-- [ RunTime:0.001000s ]
SQL: SHOW COLUMNS FROM `blog_cate` [ RunTime:0.0010s ]
SQL: SELECT * FROM `blog_cate` ORDER BY sort desc  [ RunTime:0.0000s ]
SQL: SHOW COLUMNS FROM `blog_link` [ RunTime:0.0010s ]
SQL: SELECT * FROM `blog_link` ORDER BY sort desc  [ RunTime:0.0010s ]
SQL: SHOW COLUMNS FROM `blog_article` [ RunTime:0.0010s ]
SQL: SELECT * FROM `blog_article` ORDER BY time desc LIMIT 4   [ RunTime:0.0000s ]
SQL: SELECT COUNT(*) AS tp_count FROM `blog_article` LIMIT 1   [ RunTime:0.0000s ]
SQL: SELECT * FROM `blog_article` ORDER BY time desc LIMIT 0,5   [ RunTime:0.0010s ]
INFO: [ view_parse ] --START--
INFO: [ template_filter ] --START--
INFO: Run Behavior\ContentReplaceBehavior [ RunTime:0.000000s ]
INFO: [ template_filter ] --END-- [ RunTime:0.000000s ]
NOTIC: [8] Undefined index: link D:\wamp64\www\TP_BLOG\App\Runtime\Cache\Home\00e52909bed743ea261af4b6823297ff.php 第 143 行.
NOTIC: [8] Undefined index: link D:\wamp64\www\TP_BLOG\App\Runtime\Cache\Home\00e52909bed743ea261af4b6823297ff.php 第 143 行.
NOTIC: [8] Undefined index: link D:\wamp64\www\TP_BLOG\App\Runtime\Cache\Home\00e52909bed743ea261af4b6823297ff.php 第 143 行.
NOTIC: [8] Undefined index: link D:\wamp64\www\TP_BLOG\App\Runtime\Cache\Home\00e52909bed743ea261af4b6823297ff.php 第 143 行.
INFO: Run Behavior\ParseTemplateBehavior [ RunTime:0.023002s ]
INFO: [ view_parse ] --END-- [ RunTime:0.024002s ]
INFO: [ view_filter ] --START--
INFO: Run Behavior\WriteHtmlCacheBehavior [ RunTime:0.001000s ]
INFO: [ view_filter ] --END-- [ RunTime:0.001000s ]
INFO: [ app_end ] --START--
INFO: Run Behavior\ShowPageTraceBehavior [ RunTime:0.001000s ]
INFO: [ app_end ] --END-- [ RunTime:0.001000s ]

[ 2018-05-08T23:51:56+08:00 ] ::1 /TP_BLOG/index.php/Home/Cate/index/id/3
INFO: [ app_init ] --START--
INFO: Run Behavior\BuildLiteBehavior [ RunTime:0.000000s ]
INFO: [ app_init ] --END-- [ RunTime:0.000000s ]
INFO: [ app_begin ] --START--
INFO: Run Behavior\ReadHtmlCacheBehavior [ RunTime:0.001000s ]
INFO: [ app_begin ] --END-- [ RunTime:0.001000s ]
SQL: SHOW COLUMNS FROM `blog_cate` [ RunTime:0.0010s ]
SQL: SELECT * FROM `blog_cate` ORDER BY sort desc  [ RunTime:0.0000s ]
SQL: SHOW COLUMNS FROM `blog_link` [ RunTime:0.0010s ]
SQL: SELECT * FROM `blog_link` ORDER BY sort desc  [ RunTime:0.0010s ]
SQL: SHOW COLUMNS FROM `blog_article` [ RunTime:0.0010s ]
SQL: SELECT * FROM `blog_article` ORDER BY time desc LIMIT 4   [ RunTime:0.0000s ]
SQL: SELECT COUNT(*) AS tp_count FROM `blog_article` WHERE `cateid` = '3' LIMIT 1   [ RunTime:0.0000s ]
SQL: SELECT * FROM `blog_article` WHERE `cateid` = '3' ORDER BY time desc LIMIT 0,5   [ RunTime:0.1510s ]
INFO: [ view_parse ] --START--
NOTIC: [2] file_get_contents(./App/Home/View/Public/right.html): failed to open stream: No such file or directory D:\wamp64\www\TP_BLOG\ThinkPHP\Library\Think\Template.class.php 第 696 行.
INFO: [ template_filter ] --START--
INFO: Run Behavior\ContentReplaceBehavior [ RunTime:0.000000s ]
INFO: [ template_filter ] --END-- [ RunTime:0.000000s ]
INFO: Run Behavior\ParseTemplateBehavior [ RunTime:0.013001s ]
INFO: [ view_parse ] --END-- [ RunTime:0.014001s ]
INFO: [ view_filter ] --START--
INFO: Run Behavior\WriteHtmlCacheBehavior [ RunTime:0.000000s ]
INFO: [ view_filter ] --END-- [ RunTime:0.000000s ]
INFO: [ app_end ] --START--
INFO: Run Behavior\ShowPageTraceBehavior [ RunTime:0.000000s ]
INFO: [ app_end ] --END-- [ RunTime:0.000000s ]

[ 2018-05-08T23:51:57+08:00 ] ::1 /TP_BLOG/index.php/Home/Cate/index/id/5
INFO: [ app_init ] --START--
INFO: Run Behavior\BuildLiteBehavior [ RunTime:0.000000s ]
INFO: [ app_init ] --END-- [ RunTime:0.001000s ]
INFO: [ app_begin ] --START--
INFO: Run Behavior\ReadHtmlCacheBehavior [ RunTime:0.001000s ]
INFO: [ app_begin ] --END-- [ RunTime:0.001000s ]
SQL: SHOW COLUMNS FROM `blog_cate` [ RunTime:0.0010s ]
SQL: SELECT * FROM `blog_cate` ORDER BY sort desc  [ RunTime:0.0010s ]
SQL: SHOW COLUMNS FROM `blog_link` [ RunTime:0.0010s ]
SQL: SELECT * FROM `blog_link` ORDER BY sort desc  [ RunTime:0.0000s ]
SQL: SHOW COLUMNS FROM `blog_article` [ RunTime:0.0010s ]
SQL: SELECT * FROM `blog_article` ORDER BY time desc LIMIT 4   [ RunTime:0.0010s ]
SQL: SELECT COUNT(*) AS tp_count FROM `blog_article` WHERE `cateid` = '5' LIMIT 1   [ RunTime:0.0000s ]
SQL: SELECT * FROM `blog_article` WHERE `cateid` = '5' ORDER BY time desc LIMIT 0,5   [ RunTime:0.0000s ]
INFO: [ view_parse ] --START--
NOTIC: [2] file_get_contents(./App/Home/View/Public/right.html): failed to open stream: No such file or directory D:\wamp64\www\TP_BLOG\ThinkPHP\Library\Think\Template.class.php 第 696 行.
INFO: [ template_filter ] --START--
INFO: Run Behavior\ContentReplaceBehavior [ RunTime:0.000000s ]
INFO: [ template_filter ] --END-- [ RunTime:0.000000s ]
INFO: Run Behavior\ParseTemplateBehavior [ RunTime:0.016001s ]
INFO: [ view_parse ] --END-- [ RunTime:0.016001s ]
INFO: [ view_filter ] --START--
INFO: Run Behavior\WriteHtmlCacheBehavior [ RunTime:0.000000s ]
INFO: [ view_filter ] --END-- [ RunTime:0.000000s ]
INFO: [ app_end ] --START--
INFO: Run Behavior\ShowPageTraceBehavior [ RunTime:0.000000s ]
INFO: [ app_end ] --END-- [ RunTime:0.000000s ]

[ 2018-05-08T23:51:58+08:00 ] ::1 /TP_BLOG/
INFO: [ app_init ] --START--
INFO: Run Behavior\BuildLiteBehavior [ RunTime:0.000000s ]
INFO: [ app_init ] --END-- [ RunTime:0.001000s ]
INFO: [ app_begin ] --START--
INFO: Run Behavior\ReadHtmlCacheBehavior [ RunTime:0.001000s ]
INFO: [ app_begin ] --END-- [ RunTime:0.001000s ]
SQL: SHOW COLUMNS FROM `blog_cate` [ RunTime:0.0010s ]
SQL: SELECT * FROM `blog_cate` ORDER BY sort desc  [ RunTime:0.0000s ]
SQL: SHOW COLUMNS FROM `blog_link` [ RunTime:0.0010s ]
SQL: SELECT * FROM `blog_link` ORDER BY sort desc  [ RunTime:0.0010s ]
SQL: SHOW COLUMNS FROM `blog_article` [ RunTime:0.0010s ]
SQL: SELECT * FROM `blog_article` ORDER BY time desc LIMIT 4   [ RunTime:0.0010s ]
SQL: SELECT COUNT(*) AS tp_count FROM `blog_article` LIMIT 1   [ RunTime:0.0330s ]
SQL: SELECT * FROM `blog_article` ORDER BY time desc LIMIT 0,5   [ RunTime:0.0000s ]
INFO: [ view_parse ] --START--
INFO: [ template_filter ] --START--
INFO: Run Behavior\ContentReplaceBehavior [ RunTime:0.000000s ]
INFO: [ template_filter ] --END-- [ RunTime:0.000000s ]
NOTIC: [8] Undefined index: link D:\wamp64\www\TP_BLOG\App\Runtime\Cache\Home\00e52909bed743ea261af4b6823297ff.php 第 143 行.
NOTIC: [8] Undefined index: link D:\wamp64\www\TP_BLOG\App\Runtime\Cache\Home\00e52909bed743ea261af4b6823297ff.php 第 143 行.
NOTIC: [8] Undefined index: link D:\wamp64\www\TP_BLOG\App\Runtime\Cache\Home\00e52909bed743ea261af4b6823297ff.php 第 143 行.
NOTIC: [8] Undefined index: link D:\wamp64\www\TP_BLOG\App\Runtime\Cache\Home\00e52909bed743ea261af4b6823297ff.php 第 143 行.
INFO: Run Behavior\ParseTemplateBehavior [ RunTime:0.035002s ]
INFO: [ view_parse ] --END-- [ RunTime:0.036002s ]
INFO: [ view_filter ] --START--
INFO: Run Behavior\WriteHtmlCacheBehavior [ RunTime:0.000000s ]
INFO: [ view_filter ] --END-- [ RunTime:0.001001s ]
INFO: [ app_end ] --START--
INFO: Run Behavior\ShowPageTraceBehavior [ RunTime:0.001000s ]
INFO: [ app_end ] --END-- [ RunTime:0.002000s ]

[ 2018-05-08T23:51:58+08:00 ] ::1 /TP_BLOG/index.php/Home/Cate/index/id/3
INFO: [ app_init ] --START--
INFO: Run Behavior\BuildLiteBehavior [ RunTime:0.000000s ]
INFO: [ app_init ] --END-- [ RunTime:0.000000s ]
INFO: [ app_begin ] --START--
INFO: Run Behavior\ReadHtmlCacheBehavior [ RunTime:0.000000s ]
INFO: [ app_begin ] --END-- [ RunTime:0.000000s ]
SQL: SHOW COLUMNS FROM `blog_cate` [ RunTime:0.0000s ]
SQL: SELECT * FROM `blog_cate` ORDER BY sort desc  [ RunTime:0.0000s ]
SQL: SHOW COLUMNS FROM `blog_link` [ RunTime:0.0010s ]
SQL: SELECT * FROM `blog_link` ORDER BY sort desc  [ RunTime:0.0010s ]
SQL: SHOW COLUMNS FROM `blog_article` [ RunTime:0.0000s ]
SQL: SELECT * FROM `blog_article` ORDER BY time desc LIMIT 4   [ RunTime:0.0000s ]
SQL: SELECT COUNT(*) AS tp_count FROM `blog_article` WHERE `cateid` = '3' LIMIT 1   [ RunTime:0.0000s ]
SQL: SELECT * FROM `blog_article` WHERE `cateid` = '3' ORDER BY time desc LIMIT 0,5   [ RunTime:0.0010s ]
INFO: [ view_parse ] --START--
NOTIC: [2] file_get_contents(./App/Home/View/Public/right.html): failed to open stream: No such file or directory D:\wamp64\www\TP_BLOG\ThinkPHP\Library\Think\Template.class.php 第 696 行.
INFO: [ template_filter ] --START--
INFO: Run Behavior\ContentReplaceBehavior [ RunTime:0.000000s ]
INFO: [ template_filter ] --END-- [ RunTime:0.000000s ]
INFO: Run Behavior\ParseTemplateBehavior [ RunTime:0.016001s ]
INFO: [ view_parse ] --END-- [ RunTime:0.016001s ]
INFO: [ view_filter ] --START--
INFO: Run Behavior\WriteHtmlCacheBehavior [ RunTime:0.000000s ]
INFO: [ view_filter ] --END-- [ RunTime:0.000000s ]
INFO: [ app_end ] --START--
INFO: Run Behavior\ShowPageTraceBehavior [ RunTime:0.000000s ]
INFO: [ app_end ] --END-- [ RunTime:0.000000s ]

[ 2018-05-08T23:52:00+08:00 ] ::1 /TP_BLOG/index.php/Home/Cate/index/id/5
INFO: [ app_init ] --START--
INFO: Run Behavior\BuildLiteBehavior [ RunTime:0.000000s ]
INFO: [ app_init ] --END-- [ RunTime:0.000000s ]
INFO: [ app_begin ] --START--
INFO: Run Behavior\ReadHtmlCacheBehavior [ RunTime:0.001000s ]
INFO: [ app_begin ] --END-- [ RunTime:0.001000s ]
SQL: SHOW COLUMNS FROM `blog_cate` [ RunTime:0.0320s ]
SQL: SELECT * FROM `blog_cate` ORDER BY sort desc  [ RunTime:0.0000s ]
SQL: SHOW COLUMNS FROM `blog_link` [ RunTime:0.0010s ]
SQL: SELECT * FROM `blog_link` ORDER BY sort desc  [ RunTime:0.0010s ]
SQL: SHOW COLUMNS FROM `blog_article` [ RunTime:0.0010s ]
SQL: SELECT * FROM `blog_article` ORDER BY time desc LIMIT 4   [ RunTime:0.0000s ]
SQL: SELECT COUNT(*) AS tp_count FROM `blog_article` WHERE `cateid` = '5' LIMIT 1   [ RunTime:0.0000s ]
SQL: SELECT * FROM `blog_article` WHERE `cateid` = '5' ORDER BY time desc LIMIT 0,5   [ RunTime:0.0000s ]
INFO: [ view_parse ] --START--
NOTIC: [2] file_get_contents(./App/Home/View/Public/right.html): failed to open stream: No such file or directory D:\wamp64\www\TP_BLOG\ThinkPHP\Library\Think\Template.class.php 第 696 行.
INFO: [ template_filter ] --START--
INFO: Run Behavior\ContentReplaceBehavior [ RunTime:0.000000s ]
INFO: [ template_filter ] --END-- [ RunTime:0.000000s ]
INFO: Run Behavior\ParseTemplateBehavior [ RunTime:0.013001s ]
INFO: [ view_parse ] --END-- [ RunTime:0.013001s ]
INFO: [ view_filter ] --START--
INFO: Run Behavior\WriteHtmlCacheBehavior [ RunTime:0.000000s ]
INFO: [ view_filter ] --END-- [ RunTime:0.000000s ]
INFO: [ app_end ] --START--
INFO: Run Behavior\ShowPageTraceBehavior [ RunTime:0.000000s ]
INFO: [ app_end ] --END-- [ RunTime:0.001000s ]

[ 2018-05-08T23:52:00+08:00 ] ::1 /TP_BLOG/
INFO: [ app_init ] --START--
INFO: Run Behavior\BuildLiteBehavior [ RunTime:0.000000s ]
INFO: [ app_init ] --END-- [ RunTime:0.001000s ]
INFO: [ app_begin ] --START--
INFO: Run Behavior\ReadHtmlCacheBehavior [ RunTime:0.001001s ]
INFO: [ app_begin ] --END-- [ RunTime:0.001001s ]
SQL: SHOW COLUMNS FROM `blog_cate` [ RunTime:0.0010s ]
SQL: SELECT * FROM `blog_cate` ORDER BY sort desc  [ RunTime:0.0010s ]
SQL: SHOW COLUMNS FROM `blog_link` [ RunTime:0.0010s ]
SQL: SELECT * FROM `blog_link` ORDER BY sort desc  [ RunTime:0.0050s ]
SQL: SHOW COLUMNS FROM `blog_article` [ RunTime:0.0000s ]
SQL: SELECT * FROM `blog_article` ORDER BY time desc LIMIT 4   [ RunTime:0.0010s ]
SQL: SELECT COUNT(*) AS tp_count FROM `blog_article` LIMIT 1   [ RunTime:0.0000s ]
SQL: SELECT * FROM `blog_article` ORDER BY time desc LIMIT 0,5   [ RunTime:0.0010s ]
INFO: [ view_parse ] --START--
INFO: [ template_filter ] --START--
INFO: Run Behavior\ContentReplaceBehavior [ RunTime:0.000000s ]
INFO: [ template_filter ] --END-- [ RunTime:0.001000s ]
NOTIC: [8] Undefined index: link D:\wamp64\www\TP_BLOG\App\Runtime\Cache\Home\00e52909bed743ea261af4b6823297ff.php 第 143 行.
NOTIC: [8] Undefined index: link D:\wamp64\www\TP_BLOG\App\Runtime\Cache\Home\00e52909bed743ea261af4b6823297ff.php 第 143 行.
NOTIC: [8] Undefined index: link D:\wamp64\www\TP_BLOG\App\Runtime\Cache\Home\00e52909bed743ea261af4b6823297ff.php 第 143 行.
NOTIC: [8] Undefined index: link D:\wamp64\www\TP_BLOG\App\Runtime\Cache\Home\00e52909bed743ea261af4b6823297ff.php 第 143 行.
INFO: Run Behavior\ParseTemplateBehavior [ RunTime:0.027002s ]
INFO: [ view_parse ] --END-- [ RunTime:0.028002s ]
INFO: [ view_filter ] --START--
INFO: Run Behavior\WriteHtmlCacheBehavior [ RunTime:0.000000s ]
INFO: [ view_filter ] --END-- [ RunTime:0.000000s ]
INFO: [ app_end ] --START--
INFO: Run Behavior\ShowPageTraceBehavior [ RunTime:0.001000s ]
INFO: [ app_end ] --END-- [ RunTime:0.001000s ]

